[2026-05-17 00:00:42] ============================================================
[2026-05-17 00:00:42] STARTING JOB SCRAPE v2
[2026-05-17 00:00:42] ============================================================
[2026-05-17 00:00:42] eChinacities session cookies loaded
[2026-05-17 00:00:42] Scraping eChinacities...
[2026-05-17 00:00:45]   'english teacher': HTTP 200, 860583 bytes
[2026-05-17 00:00:45]     Total available: 1989 jobs
[2026-05-17 00:00:45]     Page 1: 25 jobs
[2026-05-17 00:00:45]     Page 2: 25 jobs
[2026-05-17 00:00:46]     Page 3: 25 jobs
[2026-05-17 00:00:46]     Page 4: 25 jobs
[2026-05-17 00:00:47]     Page 5: 25 jobs
[2026-05-17 00:00:47]     Page 6: 25 jobs
[2026-05-17 00:00:47]     Page 7: 25 jobs
[2026-05-17 00:00:48]     Page 8: 25 jobs
[2026-05-17 00:00:48]     Page 9: 25 jobs
[2026-05-17 00:00:49]     Page 10: 25 jobs
[2026-05-17 00:00:49]     Page 11: 25 jobs
[2026-05-17 00:00:50]     Page 12: 25 jobs
[2026-05-17 00:00:50]     Page 13: 25 jobs
[2026-05-17 00:00:50]     Page 14: 25 jobs
[2026-05-17 00:00:51]     Page 15: 25 jobs
[2026-05-17 00:00:51]     Page 16: 25 jobs
[2026-05-17 00:00:52]     Page 17: 25 jobs
[2026-05-17 00:00:52]     Page 18: 25 jobs
[2026-05-17 00:00:53]     Page 19: 25 jobs
[2026-05-17 00:00:53]     Page 20: 25 jobs
[2026-05-17 00:00:53]   'business teacher': HTTP 200, 861309 bytes
[2026-05-17 00:00:53]     Total available: 1939 jobs
[2026-05-17 00:00:53]     Page 1: 25 jobs
[2026-05-17 00:00:54]     Page 2: 25 jobs
[2026-05-17 00:00:54]     Page 3: 25 jobs
[2026-05-17 00:00:55]     Page 4: 25 jobs
[2026-05-17 00:00:55]     Page 5: 25 jobs
[2026-05-17 00:00:56]     Page 6: 25 jobs
[2026-05-17 00:00:56]     Page 7: 25 jobs
[2026-05-17 00:00:56]     Page 8: 25 jobs
[2026-05-17 00:00:57]     Page 9: 25 jobs
[2026-05-17 00:00:57]     Page 10: 25 jobs
[2026-05-17 00:00:58]     Page 11: 25 jobs
[2026-05-17 00:00:58]     Page 12: 25 jobs
[2026-05-17 00:00:59]     Page 13: 25 jobs
[2026-05-17 00:00:59]     Page 14: 25 jobs
[2026-05-17 00:00:59]     Page 15: 25 jobs
[2026-05-17 00:01:00]     Page 16: 25 jobs
[2026-05-17 00:01:00]     Page 17: 25 jobs
[2026-05-17 00:01:01]     Page 18: 25 jobs
[2026-05-17 00:01:01]     Page 19: 25 jobs
[2026-05-17 00:01:01]     Page 20: 25 jobs
[2026-05-17 00:01:02]   'economics teacher': HTTP 200, 861839 bytes
[2026-05-17 00:01:02]     Total available: 1904 jobs
[2026-05-17 00:01:02]     Page 1: 25 jobs
[2026-05-17 00:01:02]     Page 2: 25 jobs
[2026-05-17 00:01:03]     Page 3: 25 jobs
[2026-05-17 00:01:03]     Page 4: 25 jobs
[2026-05-17 00:01:04]     Page 5: 25 jobs
[2026-05-17 00:01:04]     Page 6: 25 jobs
[2026-05-17 00:01:05]     Page 7: 25 jobs
[2026-05-17 00:01:05]     Page 8: 25 jobs
[2026-05-17 00:01:06]     Page 9: 25 jobs
[2026-05-17 00:01:06]     Page 10: 25 jobs
[2026-05-17 00:01:07]     Page 11: 25 jobs
[2026-05-17 00:01:07]     Page 12: 25 jobs
[2026-05-17 00:01:07]     Page 13: 25 jobs
[2026-05-17 00:01:08]     Page 14: 25 jobs
[2026-05-17 00:01:08]     Page 15: 25 jobs
[2026-05-17 00:01:09]     Page 16: 25 jobs
[2026-05-17 00:01:09]     Page 17: 25 jobs
[2026-05-17 00:01:10]     Page 18: 25 jobs
[2026-05-17 00:01:10]     Page 19: 25 jobs
[2026-05-17 00:01:10]     Page 20: 25 jobs
[2026-05-17 00:01:11]   'humanities teacher': HTTP 200, 861296 bytes
[2026-05-17 00:01:11]     Total available: 1900 jobs
[2026-05-17 00:01:11]     Page 1: 25 jobs
[2026-05-17 00:01:11]     Page 2: 25 jobs
[2026-05-17 00:01:12]     Page 3: 25 jobs
[2026-05-17 00:01:12]     Page 4: 25 jobs
[2026-05-17 00:01:13]     Page 5: 25 jobs
[2026-05-17 00:01:13]     Page 6: 25 jobs
[2026-05-17 00:01:13]     Page 7: 25 jobs
[2026-05-17 00:01:14]     Page 8: 25 jobs
[2026-05-17 00:01:14]     Page 9: 25 jobs
[2026-05-17 00:01:15]     Page 10: 25 jobs
[2026-05-17 00:01:15]     Page 11: 25 jobs
[2026-05-17 00:01:16]     Page 12: 25 jobs
[2026-05-17 00:01:16]     Page 13: 25 jobs
[2026-05-17 00:01:16]     Page 14: 25 jobs
[2026-05-17 00:01:17]     Page 15: 25 jobs
[2026-05-17 00:01:17]     Page 16: 25 jobs
[2026-05-17 00:01:18]     Page 17: 25 jobs
[2026-05-17 00:01:18]     Page 18: 25 jobs
[2026-05-17 00:01:19]     Page 19: 25 jobs
[2026-05-17 00:01:19]     Page 20: 25 jobs
[2026-05-17 00:01:20]   'finance teacher': HTTP 200, 860927 bytes
[2026-05-17 00:01:20]     Total available: 1898 jobs
[2026-05-17 00:01:20]     Page 1: 25 jobs
[2026-05-17 00:01:20]     Page 2: 25 jobs
[2026-05-17 00:01:20]     Page 3: 25 jobs
[2026-05-17 00:01:21]     Page 4: 25 jobs
[2026-05-17 00:01:21]     Page 5: 25 jobs
[2026-05-17 00:01:22]     Page 6: 25 jobs
[2026-05-17 00:01:22]     Page 7: 25 jobs
[2026-05-17 00:01:22]     Page 8: 25 jobs
[2026-05-17 00:01:23]     Page 9: 25 jobs
[2026-05-17 00:01:23]     Page 10: 25 jobs
[2026-05-17 00:01:24]     Page 11: 25 jobs
[2026-05-17 00:01:24]     Page 12: 25 jobs
[2026-05-17 00:01:25]     Page 13: 25 jobs
[2026-05-17 00:01:25]     Page 14: 25 jobs
[2026-05-17 00:01:26]     Page 15: 25 jobs
[2026-05-17 00:01:26]   'finance teacher' page 16 ERROR: ('Connection aborted.', RemoteDisconnected('Remote end closed connection without response'))
[2026-05-17 00:01:26]   eChinacities total: 84 unique jobs
[2026-05-17 00:01:26] Total raw jobs: 84
[2026-05-17 00:01:26] New (non-duplicate) jobs: 11 (skipped 73 duplicates)
[2026-05-17 00:01:26]   ✅ MATCH: High School English  Teacher  @ Beijing Yingcai Dingsheng Education Technology Co., Ltd. | 25000 - 30000 CNY /Month | Beijing
[2026-05-17 00:01:26]   ✅ MATCH: Senior High School IB English Teacher @ Dalian Shijia Future Consulting Co., Ltd. | 25000 - 30000 CNY /Month | Foshan
[2026-05-17 00:01:26]   ✅ MATCH: Entry-level English Teacher @ English 1 | 14000 - 19000 CNY /Month | Guangzhou
[2026-05-17 00:01:26]   ✅ MATCH: Native English Teacher in Fushun @ Beijing Geosita Educational Technology Limited Cooperation | 20000 - 22000 CNY /Month | Fushun
[2026-05-17 00:01:26]   ✅ MATCH: Shanghai, IB MYP English Teacher Wanted @ Click China | 31000 - 34000 CNY /Month | Shanghai
[2026-05-17 00:01:26]   ✅ MATCH: Native English Teacher in Hangzhou @ Beijing Geosita Educational Technology Limited Cooperation | 25000 - 30000 CNY /Month | Hangzhou
[2026-05-17 00:01:26]   ✅ MATCH: Senior High School  IB Economic Teacher @ Dalian Shijia Future Consulting Co., Ltd. | 25000 - 30000 CNY /Month | Foshan
[2026-05-17 00:01:26]   ⛔ SKIP: Math/Physics Teacher for High School  — Subject mismatch
[2026-05-17 00:01:26]   ⛔ SKIP: History&Lit Teacher Start in Aug — Subject mismatch
[2026-05-17 00:01:26]   ⛔ SKIP: High School Physics Teacher — Subject mismatch
[2026-05-17 00:01:26]   ✅ MATCH: Middle / Junior High School ESL Teacher @ Dalian Shijia Future Consulting Co., Ltd. | 22000 - 30000 CNY /Month | Foshan
[2026-05-17 00:01:26] Profile-matched jobs: 8
[2026-05-17 00:01:26] Saved JSON: /home/amrba/job_scraper/jobs_data.json
[2026-05-17 00:01:26] Saved XLS: /home/amrba/job_scraper/teaching_jobs_china_20260517.xlsx
[2026-05-17 00:01:29]   ☁️  Drive: https://docs.google.com/spreadsheets/d/11AlNElhbWr5aSVZQ85d_jD_Cda-kPDtC/edit?usp=drivesdk&ouid=115581999654882243428&rtpof=true&sd=true
[2026-05-17 00:01:29]   📄 Cover letter: 1_Beijing Yingcai Ding_High School English  Teacher.docx
[2026-05-17 00:01:31]   ☁️  Uploaded to Drive: https://docs.google.com/document/d/1OINwnz6ws-Evq3fTRiKuBKClll3CFs2T/edit?usp=drivesdk&ouid=115581999654882243428&rtpof=true&sd=true
[2026-05-17 00:01:31]   📄 Cover letter: 2_Dalian Shijia Future_Senior High School IB English.docx
[2026-05-17 00:01:34]   ☁️  Uploaded to Drive: https://docs.google.com/document/d/10R1dVxr3ylIqrOTbgQKtt1HgACHXwZHD/edit?usp=drivesdk&ouid=115581999654882243428&rtpof=true&sd=true
[2026-05-17 00:01:34]   📄 Cover letter: 3_Click China_Shanghai IB MYP English Teache.docx
[2026-05-17 00:01:37]   ☁️  Uploaded to Drive: https://docs.google.com/document/d/1uk33z2t5VP38h77Duk7gFADval6DPHNw/edit?usp=drivesdk&ouid=115581999654882243428&rtpof=true&sd=true
[2026-05-17 00:01:37]   📄 Cover letter: 4_Beijing Geosita Educ_Native English Teacher in Hang.docx
[2026-05-17 00:01:39]   ☁️  Uploaded to Drive: https://docs.google.com/document/d/1puskypQ-l2Kbx0dzZTIpfxfPuQw44VAz/edit?usp=drivesdk&ouid=115581999654882243428&rtpof=true&sd=true
[2026-05-17 00:01:39]   📄 Cover letter: 5_Dalian Shijia Future_Senior High School  IB Economi.docx
[2026-05-17 00:01:41]   ☁️  Uploaded to Drive: https://docs.google.com/document/d/1AlWvcYJF0fVqPr0oIMzldjMsflagihwX/edit?usp=drivesdk&ouid=115581999654882243428&rtpof=true&sd=true
[2026-05-17 00:01:41]   📄 Cover letter: 6_Dalian Shijia Future_Middle  Junior High School ESL.docx
[2026-05-17 00:01:43]   ☁️  Uploaded to Drive: https://docs.google.com/document/d/1BT7cn_picXjqhDpxEOSsyV6wGPl-cVWk/edit?usp=drivesdk&ouid=115581999654882243428&rtpof=true&sd=true
[2026-05-17 00:01:43]   📄 Cover letter: 7_Beijing Geosita Educ_Native English Teacher in Fush.docx
[2026-05-17 00:01:45]   ☁️  Uploaded to Drive: https://docs.google.com/document/d/1jpxwKdAirIhsg_ncDFZJK4E-s88bWSq-/edit?usp=drivesdk&ouid=115581999654882243428&rtpof=true&sd=true
[2026-05-17 00:01:45]   📄 Cover letter: 8_English 1_Entry-level English Teacher.docx
[2026-05-17 00:01:48]   ☁️  Uploaded to Drive: https://docs.google.com/document/d/1da_u9d7XdzkD_QjyP9mz7_Qp6w4Gxfan/edit?usp=drivesdk&ouid=115581999654882243428&rtpof=true&sd=true
[2026-05-17 00:01:48] Generated 8 cover letters in /home/amrba/job_scraper/cover_letters/
[2026-05-17 00:01:48] ============================================================
[2026-05-17 00:01:48] SCRAPE COMPLETE
[2026-05-17 00:01:48]   Total scraped: 84
[2026-05-17 00:01:48]   New jobs: 11
[2026-05-17 00:01:48]   Matched: 8
[2026-05-17 00:01:48]   XLS: /home/amrba/job_scraper/teaching_jobs_china_20260517.xlsx
[2026-05-17 00:01:48]   Cover letters: /home/amrba/job_scraper/cover_letters/
[2026-05-17 00:01:48] ============================================================
