[2026-05-15 15:07:06] 
[2026-05-15 15:07:06] === Vietnam Job Scraper START: 20260515 ===
[2026-05-15 15:07:06]   Loaded 23 existing jobs, 23 dedup hashes
[2026-05-15 15:07:06] Scraping LinkedIn Vietnam (Playwright)...
[2026-05-15 15:07:07]   LinkedIn search: english teacher vietnam
[2026-05-15 15:07:10]     Found 59 IDs total, 59 new
[2026-05-15 15:07:13]     ✓ Job 4389540444: FULL-TIME Expat ESL Teachers in Vietnam (BINH DUON @ Legal & Teaching Jobs for Foreign Teachers in Vietnam
[2026-05-15 15:07:17]     ✓ Job 4386872829: Full-time Public School Teachers in Ho Chi Minh |  @ Legal & Teaching Jobs for Foreign Teachers in Vietnam
[2026-05-15 15:07:20]     ✓ Job 4309686917: English as a Second Language (ESL) Tutor @ DataAnnotation
[2026-05-15 15:07:24]     ✓ Job 4402399810: Hiring FULL -TIME ESL Teachers in Ho Chi Minh City @ Legal & Teaching Jobs for Foreign Teachers in Vietnam
[2026-05-15 15:07:28]     ✓ Job 4386871859: Hiring PART-TIME ESL Teachers in Ho Chi Minh City @ Legal & Teaching Jobs for Foreign Teachers in Vietnam
[2026-05-15 15:07:31]     ✓ Job 4386891010: Hiring ESL Teachers for our 70+ centres! (for Over @ Legal & Teaching Jobs for Foreign Teachers in Vietnam
[2026-05-15 15:07:35]     ✓ Job 4386873669: Hiring ESL Teachers| For Expatriates currently in  @ Legal & Teaching Jobs for Foreign Teachers in Vietnam
[2026-05-15 15:07:39]     ✓ Job 4198828076: Teach Vietnam - Major @ TEFL UK
[2026-05-15 15:07:43]     ✓ Job 4403614509: [Hanoi] Secondary ESL Teachers for Premium Schools @ Legal & Teaching Jobs for Foreign Teachers in Vietnam
[2026-05-15 15:07:47]     ✓ Job 4411982325: ESL Teacher | International School in Lao Cai, Vie @ Guardian Jobs
[2026-05-15 15:07:51]     ✓ Job 4399236046: [Hanoi] Full-time Secondary teachers-Atlantic Five @ Atlantic Teacher Careers
[2026-05-15 15:07:55]     ✓ Job 4339514282: Teach Vietnam - Hanoi @ TEFL UK
[2026-05-15 15:07:58]     ✓ Job 4414701267: [HANOI] 5S CENTERS- PART TIME ENGLISH TEACHER NEED @ Legal & Teaching Jobs for Foreign Teachers in Vietnam
[2026-05-15 15:08:02]     ✓ Job 4414144018: [An Giang] FULLTIME ENGLISH TEACHERS @ Legal & Teaching Jobs for Foreign Teachers in Vietnam
[2026-05-15 15:08:06]     ✓ Job 4412101892: FULL-TIME KINDERGARTEN ENGLISH TEACHER @ Legal & Teaching Jobs for Foreign Teachers in Vietnam
[2026-05-15 15:08:09]     ✓ Job 4406540565: SECONDARY ENGLISH TEACHER (Academic year 2026 - 20 @ Legal & Teaching Jobs for Foreign Teachers in Vietnam
[2026-05-15 15:08:13]     ✓ Job 4409935466: EIV HCM - ENGLISH TEACHERS (FULLTIME/PARTIME) @ Legal & Teaching Jobs for Foreign Teachers in Vietnam
[2026-05-15 15:08:16]     ✓ Job 4198830029: Teach Vietnam - TJAP @ TEFL UK
[2026-05-15 15:08:20]     ✓ Job 4299039549: Teach Vietnam - VietAhn @ TEFL UK
[2026-05-15 15:08:23]     ✓ Job 4304449239: English Tutor @ DataAnnotation
[2026-05-15 15:08:27]     ✓ Job 4280480549: English Teachers for Kindergarten school in Ha Noi @ Global TEFL - Global Language Training Ltd.
[2026-05-15 15:08:31]     ✓ Job 4408683410: ENGLISH SCIENCE TEACHER (AY 2026-2027) Starting in @ Legal & Teaching Jobs for Foreign Teachers in Vietnam
[2026-05-15 15:08:34]     ✓ Job 4412799303: ESL & GP Teacher (Lower Secondary) @ Legal & Teaching Jobs for Foreign Teachers in Vietnam
[2026-05-15 15:08:38]     ✓ Job 3984653056: English Teacher @ Premier Residences Phu Quoc Emerald Bay Managed by AccorHotels
[2026-05-15 15:08:41]     ✓ Job 4413586011: ESL & GP Teacher (Lower Secondary) @ Legal & Teaching Jobs for Foreign Teachers in Vietnam
[2026-05-15 15:08:45]     ✓ Job 3984649452: Giáo viên tiếng Anh @ Trường Thắng
[2026-05-15 15:08:48]     ✓ Job 4304433444: English Teacher @ DataAnnotation
[2026-05-15 15:08:52]     ✓ Job 4401107973: Giáo viên tiếng Anh @ Day A
[2026-05-15 15:08:55]     ✓ Job 3984646809: Native English Teacher @ Trung Tâm Tiếng Anh Lesh
[2026-05-15 15:08:59]     ✓ Job 4406556162: Part - Time ESL Teacher Wanted in Hanoi City @ Legal & Teaching Jobs for Foreign Teachers in Vietnam
[2026-05-15 15:09:02]     ✓ Job 4399236048: [HANOI] Full-time High school/IELTS Teachers neede @ Atlantic Teacher Careers
[2026-05-15 15:09:06]     ✓ Job 3984649322: Giáo viên tiếng anh @ Anh Ngữ TalkFirst
[2026-05-15 15:09:10]     ✓ Job 4413247154: Secondary English Teacher (from Jan-2027) @ Australian International School, Vietnam
[2026-05-15 15:09:14]     ✓ Job 4394474859: [HCM] International Program Teacher / Kindergarten @ Legal & Teaching Jobs for Foreign Teachers in Vietnam
[2026-05-15 15:09:18]     ✓ Job 3984647946: GIÁO VIÊN TIẾNG ANH @ Anh Ngữ TalkFirst
[2026-05-15 15:09:22]     ✓ Job 4402625409: Giáo Viên Tiếng Anh @ Hệ thống đào tạo CNTT T3H Hà Nội
[2026-05-15 15:09:25]     ✓ Job 4321317044: Preschool ESL Teacher IMA Kindergarten (Thao Dien, @ Legal & Teaching Jobs for Foreign Teachers in Vietnam
[2026-05-15 15:09:29]     ✓ Job 4399222770: [HANOI] Part-time Secondary Teachers needed for ou @ Atlantic Teacher Careers
[2026-05-15 15:09:33]     ✓ Job 4402616544: Giáo viên Tiếng ANh @ HTC Viễn Thông Quốc Tế
[2026-05-15 15:09:36]     ✓ Job 4408677433: [CAN THO] PART - TIME ENGLISH TEACHERS AT ISMART E @ Legal & Teaching Jobs for Foreign Teachers in Vietnam
[2026-05-15 15:09:40]     ✓ Job 4413572607: Part - Time ESL Teacher Wanted in Hanoi City @ Legal & Teaching Jobs for Foreign Teachers in Vietnam
[2026-05-15 15:09:44]     ✓ Job 3984655222: Giáo Viên Anh Văn - English Teacher @ Hệ thống anh ngữ Quốc tế Bắc Mỹ - NIS
[2026-05-15 15:09:47]     ✓ Job 4408665471: [Hanoi] Full-time MONTESSORI TEACHER - Currently i @ Legal & Teaching Jobs for Foreign Teachers in Vietnam
[2026-05-15 15:09:50]     ✓ Job 3984647670: Giáo viên Tiếng Anh @ Trung Tam
[2026-05-15 15:09:54]     ✓ Job 4399236049: [HANOI] Part-time Primary Teachers needed for our  @ Atlantic Teacher Careers
[2026-05-15 15:09:58]     ✓ Job 4396065311: English Teacher @ Ninja Teacher TEFL Academy
[2026-05-15 15:10:02]     ✓ Job 4386483414: English Elementary Primary School Teacher @ LUKglobal
[2026-05-15 15:10:06]     ✓ Job 4383109851: STEAM TEACHER @ Legal & Teaching Jobs for Foreign Teachers in Vietnam
[2026-05-15 15:10:09]     ✓ Job 4399222766: [Ha Noi] Atlantic Five-Star English- Full-Time Sec @ Atlantic Teacher Careers
[2026-05-15 15:10:13]     ✓ Job 4397282121: English Science Teacher (AY 2026–2027) – Ha Noi @ Legal & Teaching Jobs for Foreign Teachers in Vietnam
[2026-05-15 15:10:16]     ✓ Job 4415304604: English Teacher (Work From Home) @ Quik Hire Staffing
[2026-05-15 15:10:20]     ✓ Job 4414469159: Public School ESL Teacher @ Power English - Recruitment
[2026-05-15 15:10:24]     ✓ Job 4407005419: Primary Years Programme (PYP) Homeroom Teacher @ Legal & Teaching Jobs for Foreign Teachers in Vietnam
[2026-05-15 15:10:28]     ✓ Job 4399232293: [Hanoi] [FSEL] Video Teachers for new academic pro @ Atlantic Teacher Careers
[2026-05-15 15:10:32]     ✓ Job 4413514291: [HCM] Teacher Care and Recruitment Executive @ Kyna English (Kyna Pte. Ltd.)
[2026-05-15 15:10:36]     ✓ Job 4344863514: Korean-English Language Instructor @ DataAnnotation
[2026-05-15 15:10:40]     ✓ Job 4407574831: Senior Game Designer (Onsite Hanoi, Danang or HCMC @ Gear Games
[2026-05-15 15:10:45]     ✓ Job 4402911019: Events & Outreach Manager @ International School Ho Chi Minh City
[2026-05-15 15:10:48]     ✓ Job 4389540444: FULL-TIME Expat ESL Teachers in Vietnam (BINH DUON @ Legal & Teaching Jobs for Foreign Teachers in Vietnam
[2026-05-15 15:10:50]   LinkedIn search: ielts teacher vietnam
[2026-05-15 15:10:53]     Found 61 IDs total, 45 new
[2026-05-15 15:10:56]     ✓ Job 4406541546: PRIMARY TEACHER (Core Subjects) Academic year 2026 @ Legal & Teaching Jobs for Foreign Teachers in Vietnam
[2026-05-15 15:10:59]     ✓ Job 4309687837: ESL Instructor @ DataAnnotation
[2026-05-15 15:11:03]     ✓ Job 4392892234: Online Teacher Wanted! Teaching All Levels @ Legal & Teaching Jobs for Foreign Teachers in Vietnam
[2026-05-15 15:11:07]     ✓ Job 4407030103: Early Years Teachers Needed in Vietnam, EDVECTUS L @ Guardian Jobs
[2026-05-15 15:11:10]     ✓ Job 4407019213: [HANOI] School Partnership Primary school Teacher  @ Legal & Teaching Jobs for Foreign Teachers in Vietnam
[2026-05-15 15:11:13]     ✓ Job 4198828058: Vietnam TEFL Internship @ TEFL UK
[2026-05-15 15:11:20]     ✓ Job 4394486021: [Hanoi] Full-time Teachers (Cambridge Programme) @ Legal & Teaching Jobs for Foreign Teachers in Vietnam
[2026-05-15 15:11:24]     ✓ Job 4414497280: [Hanoi] In-house Trainer | High Pay & Attractive B @ Legal & Teaching Jobs for Foreign Teachers in Vietnam
[2026-05-15 15:11:28]     ✓ Job 4387396181: [HCM] Expat Teacher - Currently living in Viet Nam @ Legal & Teaching Jobs for Foreign Teachers in Vietnam
[2026-05-15 15:11:31]     ✓ Job 4402610386: Giáo viên Tiếng Anh @ Công Ty Cổ Phần Trung Tín
[2026-05-15 15:11:36]     ✓ Job 4398112798: Primary Math/Science and ELA Teachers - Starting A @ Legal & Teaching Jobs for Foreign Teachers in Vietnam
[2026-05-15 15:11:39]     ✓ Job 4393551428: &#124;Phú Quốc&#124; Trợ giảng môn Toán (Giáo viên @ Vinschool
[2026-05-15 15:11:43]     ✓ Job 4411619050: Teach English in Indonesia this 2026– No Experienc @ English 1
[2026-05-15 15:11:47]     ✓ Job 3984646917: Giáo viên tiếng Anh @ Trung Tâm Tiếng Anh Lesh
[2026-05-15 15:11:51]     ✓ Job 4411990651: [HN/HCM] Tuyển dụng giáo viên tiếng Anh IELTS Full @ Jaxtina English Center
[2026-05-15 15:11:55]     ✓ Job 4393476031: AS - A Level CHEMISTRY TEACHERS - FULL TIME - STAR @ Legal & Teaching Jobs for Foreign Teachers in Vietnam
[2026-05-15 15:11:59]     ✓ Job 4408673405: LOWER SECONDARY SCIENCE TEACHERS - FULL TIME - STA @ Legal & Teaching Jobs for Foreign Teachers in Vietnam
[2026-05-15 15:12:02]     ✓ Job 4412721825: Teach English in Indonesia this 2026– No Experienc @ English 1
[2026-05-15 15:12:06]     ✓ Job 4319080761: Reading and Writing Teacher @ Cosmo
[2026-05-15 15:12:10]     ✓ Job 3984649362: Giáo viên Tiếng Anh fulltime @ Trung tâm Anh ngữ English Guide
[2026-05-15 15:12:14]     ✓ Job 4409688826: Senior Trainer @ 7-Eleven Vietnam
[2026-05-15 15:12:18]     ✓ Job 4402623222: Giáo viên tiếng anh @ Kingdom
[2026-05-15 15:12:21]     ✓ Job 4402961140: Trợ giảng (Giáo viên nguồn) Tiểu học @ Vinschool
[2026-05-15 15:12:25]     ✓ Job 4408281031: Giáo viên Tiểu học - Vinschool Golden River (Quận  @ Vinschool
[2026-05-15 15:12:29]     ✓ Job 4393475164: AS - A Level MATHS TEACHERS - FULL TIME - START JU @ Legal & Teaching Jobs for Foreign Teachers in Vietnam
[2026-05-15 15:12:33]     ✓ Job 4390579089: English and Communication Trainer (Attractive pack @ Crossian
[2026-05-15 15:12:37]     ✓ Job 4413292356: Teach English in Indonesia this 2026– No Experienc @ English 1
[2026-05-15 15:12:41]     ✓ Job 3984650079: Giảng viên và Chuyên viên @ USSH-VNUHCM I Trường Đại học Khoa học Xã hội và Nhân văn - Đại học Quốc gia TP.HCM
[2026-05-15 15:12:45]     ✓ Job 4401112892: Giáo viên tiếng Anh-Toàn thời gian @ KINDLE
[2026-05-15 15:12:52]     ✓ Job 4377696996: International Baccalaureate (IB) teaching position @ Legal & Teaching Jobs for Foreign Teachers in Vietnam
[2026-05-15 15:12:56]     ✓ Job 4394472896: GLOBAL PERSPECTIVES TEACHERS - FULL TIME - START J @ Legal & Teaching Jobs for Foreign Teachers in Vietnam
[2026-05-15 15:13:02]     ✓ Job 4414444697: Early Years Foundation Stage (EYFS) Teacher, EDVEC @ Guardian Jobs
[2026-05-15 15:13:06]     ✓ Job 4403155980: Chuyên Viên Đào Tạo - Dự Án Tiếng Nhật (Open For T @ TELUS Digital
[2026-05-15 15:13:10]     ✓ Job 4402620331: Giáo viên @ Công Ty Cổ Phần Trung Tín
[2026-05-15 15:13:13]     ✓ Job 4413534372: Primary EAL Teacher @ Nord Anglia Education
[2026-05-15 15:13:18]     ✓ Job 4357457958: Expression of Interest – Casual Academic @ RMIT University Vietnam
[2026-05-15 15:13:21]     ✓ Job 4411253909: Teacher @ English 1
[2026-05-15 15:13:25]     ✓ Job 4402604584: Tuyển giáo viên tiếng Anh @ Công Ty Cổ Phần Trung Tín
[2026-05-15 15:13:29]     ✓ Job 4396399637: Chuyên Viên Đào Tạo - Dự Án Tiếng Nhật (Open For T @ TELUS Digital Philippines
[2026-05-15 15:13:33]     ✓ Job 4253472556: Giáo viên IELTS Part-time @ Pasal International JSC
[2026-05-15 15:13:37]     ✓ Job 4412621880: Expat Primary Teacher @ US Vietnam Talent International School
[2026-05-15 15:13:40]     ✓ Job 4402625241: Trợ giảng, giáo viên tiếng Anh @ CP
[2026-05-15 15:13:44]     ✓ Job 4402613315: GIÁO VIÊN @ Công Ty Cổ Phần Trung Tín
[2026-05-15 15:13:48]     ✓ Job 4402626279: Giáo viên mầm non @ Trường Thắng
[2026-05-15 15:13:51]     ✓ Job 4406541546: PRIMARY TEACHER (Core Subjects) Academic year 2026 @ Legal & Teaching Jobs for Foreign Teachers in Vietnam
[2026-05-15 15:13:54]   LinkedIn search: business teacher vietnam
[2026-05-15 15:13:56]     Found 4 IDs total, 4 new
[2026-05-15 15:13:59]     ✓ Job 4394473919: ECONOMICS TEACHERS - FULL TIME - START JULY 2026 ( @ Legal & Teaching Jobs for Foreign Teachers in Vietnam
[2026-05-15 15:14:03]     ✓ Job 4413540414: Business Studies Teacher – International School in @ Guardian Jobs
[2026-05-15 15:14:06]     ✓ Job 4390033021: [Hanoi, Vietnam] Urgent: DP Economics Teacher (Mic @ Legal & Teaching Jobs for Foreign Teachers in Vietnam
[2026-05-15 15:14:10]     ✓ Job 4394473919: ECONOMICS TEACHERS - FULL TIME - START JULY 2026 ( @ Legal & Teaching Jobs for Foreign Teachers in Vietnam
[2026-05-15 15:14:12]   LinkedIn search: economics teacher vietnam
[2026-05-15 15:14:15]     Found 11 IDs total, 6 new
[2026-05-15 15:14:18]     ✓ Job 4401447112: [HANOI] School Partnership Secondary & High school @ Legal & Teaching Jobs for Foreign Teachers in Vietnam
[2026-05-15 15:14:21]     ✓ Job 4413567763: Math Teacher @ Legal & Teaching Jobs for Foreign Teachers in Vietnam
[2026-05-15 15:14:25]     ✓ Job 4414144028: Math-Science Teachers @ Legal & Teaching Jobs for Foreign Teachers in Vietnam
[2026-05-15 15:14:29]     ✓ Job 4412728194: Mathematics & Python Expert - Freelance AI Trainer @ Mindrift
[2026-05-15 15:14:33]     ✓ Job 4314697421: Mathematics Specialist (Fluent in German) - Freela @ Meridial Marketplace, by Invisible
[2026-05-15 15:14:36]     ✓ Job 4315169155: Mathematics Specialist (Fluent in Korean) - Freela @ Meridial Marketplace, by Invisible
[2026-05-15 15:14:39]   LinkedIn search: esl teacher vietnam
[2026-05-15 15:14:42]     Found 40 IDs total, 1 new
[2026-05-15 15:14:45]     ✓ Job 4410378519: Academic Supervisor (ESL Certification & Standards @ Step Up Education
[2026-05-15 15:14:47]   LinkedIn: collected 115 raw jobs
[2026-05-15 15:14:47] Scraping Vietnamworks (Playwright)...
[2026-05-15 15:14:47]     Vietnamworks: english teacher ho-chi-minh-vn page 0
[2026-05-15 15:14:50]       Found 0 job cards on page
[2026-05-15 15:14:50]       Found 0 job URLs via regex
[2026-05-15 15:14:51]     Vietnamworks: english teacher ho-chi-minh-vn page 1
[2026-05-15 15:14:54]       Found 0 job cards on page
[2026-05-15 15:14:54]       Found 0 job URLs via regex
[2026-05-15 15:14:55]     Vietnamworks: english teacher ha-noi-vn page 0
[2026-05-15 15:14:58]       Found 0 job cards on page
[2026-05-15 15:14:58]       Found 0 job URLs via regex
[2026-05-15 15:15:00]     Vietnamworks: english teacher ha-noi-vn page 1
[2026-05-15 15:15:02]       Found 0 job cards on page
[2026-05-15 15:15:02]       Found 0 job URLs via regex
[2026-05-15 15:15:03]     Vietnamworks: ielts teacher ho-chi-minh-vn page 0
[2026-05-15 15:15:06]       Found 0 job cards on page
[2026-05-15 15:15:06]       Found 0 job URLs via regex
[2026-05-15 15:15:07]     Vietnamworks: ielts teacher ho-chi-minh-vn page 1
[2026-05-15 15:15:10]       Found 0 job cards on page
[2026-05-15 15:15:10]       Found 0 job URLs via regex
[2026-05-15 15:15:12]     Vietnamworks: business english ho-chi-minh-vn page 0
[2026-05-15 15:15:14]       Found 0 job cards on page
[2026-05-15 15:15:14]       Found 0 job URLs via regex
[2026-05-15 15:15:16]     Vietnamworks: business english ho-chi-minh-vn page 1
[2026-05-15 15:15:19]       Found 0 job cards on page
[2026-05-15 15:15:19]       Found 0 job URLs via regex
[2026-05-15 15:15:21]   Vietnamworks: collected 0 raw jobs
[2026-05-15 15:15:21]   Total raw jobs collected: 115
[2026-05-15 15:15:21]   Jobs matching profile (score >= 70): 2
[2026-05-15 15:15:21]     Score 70: Full-time Public School Teachers in Ho Chi Minh | APPLY @ Legal & Teaching Jobs for Fore | Full-time | 600,000 VND
[2026-05-15 15:15:21]     Score 70: [An Giang] FULLTIME ENGLISH TEACHERS @ Legal & Teaching Jobs for Fore | Full-time | 36,000,000 VND
[2026-05-15 15:15:21]   New unique matched jobs: 0
[2026-05-15 15:15:21]   Total jobs in data store: 23
[2026-05-15 15:15:21]   XLS saved: /home/amrba/job_scraper/vietnam/vietnam_jobs_20260515.xlsx (23 jobs)
[2026-05-15 15:15:21]   Cover letters generated: 0
[2026-05-15 15:15:21] === Vietnam Job Scraper END: 0 new, 0 cover letters ===
